burn-in-camera/app/build/intermediates/manifest_merge_blame_file/debug/processDebugMainManifest/manifest-merger-blame-debug-report.txt
1<?xml version="1.0" encoding="utf-8"?>
2<manifest xmlns:android="http://schemas.android.com/apk/res/android"
3    package="com.burnin.scanner"
4    android:versionCode="1"
5    android:versionName="0.1.0" >
6
7    <uses-sdk
8        android:minSdkVersion="24"
9        android:targetSdkVersion="33" />
10
11    <uses-permission android:name="android.permission.CAMERA" />
11-->src/main/AndroidManifest.xml:4:5-65
11-->src/main/AndroidManifest.xml:4:22-62
12    <uses-permission android:name="android.permission.INTERNET" />
12-->src/main/AndroidManifest.xml:5:5-67
12-->src/main/AndroidManifest.xml:5:22-64
13    <uses-permission android:name="android.permission.ACCESS_NETWORK_STATE" />
13-->src/main/AndroidManifest.xml:6:5-79
13-->src/main/AndroidManifest.xml:6:22-76
14
15    <uses-feature
15-->src/main/AndroidManifest.xml:8:5-84
16        android:name="android.hardware.camera"
16-->src/main/AndroidManifest.xml:8:19-57
17        android:required="true" />
17-->src/main/AndroidManifest.xml:8:58-81
18
19    <application
19-->src/main/AndroidManifest.xml:10:5-36:19
20        android:allowBackup="false"
20-->src/main/AndroidManifest.xml:13:9-36
21        android:debuggable="true"
22        android:extractNativeLibs="false"
23        android:label="번인 측정 (Scanner)"
23-->src/main/AndroidManifest.xml:11:9-40
24        android:largeHeap="true"
24-->src/main/AndroidManifest.xml:12:9-33
25        android:theme="@android:style/Theme.Material" >
25-->src/main/AndroidManifest.xml:14:9-54
26        <activity
26-->src/main/AndroidManifest.xml:16:9-23:20
27            android:name="com.burnin.scanner.MainActivity"
27-->src/main/AndroidManifest.xml:17:13-41
28            android:exported="true" >
28-->src/main/AndroidManifest.xml:18:13-36
29            <intent-filter>
29-->src/main/AndroidManifest.xml:19:13-22:29
30                <action android:name="android.intent.action.MAIN" />
30-->src/main/AndroidManifest.xml:20:17-69
30-->src/main/AndroidManifest.xml:20:25-66
31
32                <category android:name="android.intent.category.LAUNCHER" />
32-->src/main/AndroidManifest.xml:21:17-77
32-->src/main/AndroidManifest.xml:21:27-74
33            </intent-filter>
34        </activity>
35        <activity
35-->src/main/AndroidManifest.xml:25:9-29:77
36            android:name="com.burnin.scanner.measure.MeasurementActivity"
36-->src/main/AndroidManifest.xml:26:13-56
37            android:configChanges="orientation|screenSize|keyboardHidden"
37-->src/main/AndroidManifest.xml:29:13-74
38            android:exported="false"
38-->src/main/AndroidManifest.xml:27:13-37
39            android:screenOrientation="portrait" />
39-->src/main/AndroidManifest.xml:28:13-49
40        <activity
40-->src/main/AndroidManifest.xml:31:9-35:77
41            android:name="com.burnin.scanner.color.ColorCalibrationActivity"
41-->src/main/AndroidManifest.xml:32:13-59
42            android:configChanges="orientation|screenSize|keyboardHidden"
42-->src/main/AndroidManifest.xml:35:13-74
43            android:exported="false"
43-->src/main/AndroidManifest.xml:33:13-37
44            android:screenOrientation="portrait" />
44-->src/main/AndroidManifest.xml:34:13-49
45    </application>
46
47</manifest>